Build started 12/4/2016 11:46:34 AM.
     1>Project "E:\cudaTFRK1012\cudaTFRK1012\cudaTFRK1012.vcxproj" on node 2 (build target(s)).
     1>InitializeBuildStatus:
         Creating "Debug\cudaTFRK1012.unsuccessfulbuild" because "AlwaysCreate" was specified.
       AddCudaCompileDeps:
         c:\Program Files (x86)\Microsoft Visual Studio 10.0\VC\bin\cl.exe /E /nologo /showIncludes /TP /D__CUDACC__ /DWIN32 /D_DEBUG /D_CONSOLE /D_MBCS /I"C:\Program Files\NVIDIA GPU Computing Toolkit\CUDA\v7.5\include" /I"C:\Program Files\NVIDIA GPU Computing Toolkit\CUDA\v7.5\bin" /I"C:\Program Files\NVIDIA GPU Computing Toolkit\CUDA\v7.5\include" /I. /FIcuda_runtime.h /c E:\cudaTFRK1012\cudaTFRK1012\kernel.cu 
       AddCudaCompilePropsDeps:
       Skipping target "AddCudaCompilePropsDeps" because all output files are up-to-date with respect to the input files.
       CudaBuild:
         Compiling CUDA source file kernel.cu...
         cmd.exe /C "C:\Users\Denee Tibbetts\AppData\Local\Temp\tmpe948fb861a414b88905a179c4d5117c3.cmd"
         "C:\Program Files\NVIDIA GPU Computing Toolkit\CUDA\v7.5\bin\nvcc.exe" -gencode=arch=compute_20,code=\"sm_20,compute_20\" --use-local-env --cl-version 2010 -ccbin "c:\Program Files (x86)\Microsoft Visual Studio 10.0\VC\bin"  -I"C:\Program Files\NVIDIA GPU Computing Toolkit\CUDA\v7.5\include" -I"C:\Program Files\NVIDIA GPU Computing Toolkit\CUDA\v7.5\include"  -G   --keep-dir Debug -maxrregcount=0  --machine 32 --compile -cudart static  -g   -DWIN32 -D_DEBUG -D_CONSOLE -D_MBCS -Xcompiler "/EHsc /W3 /nologo /Od /Zi /RTC1 /MDd " -o Debug\kernel.cu.obj "E:\cudaTFRK1012\cudaTFRK1012\kernel.cu"
         
         E:\cudaTFRK1012\cudaTFRK1012>"C:\Program Files\NVIDIA GPU Computing Toolkit\CUDA\v7.5\bin\nvcc.exe" -gencode=arch=compute_20,code=\"sm_20,compute_20\" --use-local-env --cl-version 2010 -ccbin "c:\Program Files (x86)\Microsoft Visual Studio 10.0\VC\bin"  -I"C:\Program Files\NVIDIA GPU Computing Toolkit\CUDA\v7.5\include" -I"C:\Program Files\NVIDIA GPU Computing Toolkit\CUDA\v7.5\include"  -G   --keep-dir Debug -maxrregcount=0  --machine 32 --compile -cudart static  -g   -DWIN32 -D_DEBUG -D_CONSOLE -D_MBCS -Xcompiler "/EHsc /W3 /nologo /Od /Zi /RTC1 /MDd " -o Debug\kernel.cu.obj "E:\cudaTFRK1012\cudaTFRK1012\kernel.cu" 
     1>E:/cudaTFRK1012/cudaTFRK1012/kernel.cu(21): warning : variable "a0" was declared but never referenced
         
     1>E:/cudaTFRK1012/cudaTFRK1012/kernel.cu(92): warning : variable "g60" was declared but never referenced
         
     1>E:/cudaTFRK1012/cudaTFRK1012/kernel.cu(93): warning : variable "g61" was declared but never referenced
         
     1>E:/cudaTFRK1012/cudaTFRK1012/kernel.cu(94): warning : variable "g62" was declared but never referenced
         
     1>E:/cudaTFRK1012/cudaTFRK1012/kernel.cu(95): warning : variable "g63" was declared but never referenced
         
     1>E:/cudaTFRK1012/cudaTFRK1012/kernel.cu(96): warning : variable "g64" was declared but never referenced
         
     1>E:/cudaTFRK1012/cudaTFRK1012/kernel.cu(97): warning : variable "g65" was declared but never referenced
         
     1>E:/cudaTFRK1012/cudaTFRK1012/kernel.cu(100): warning : variable "ah0" was declared but never referenced
         
     1>E:/cudaTFRK1012/cudaTFRK1012/kernel.cu(101): warning : variable "ah1" was declared but never referenced
         
     1>E:/cudaTFRK1012/cudaTFRK1012/kernel.cu(102): warning : variable "ah2" was declared but never referenced
         
     1>E:/cudaTFRK1012/cudaTFRK1012/kernel.cu(103): warning : variable "ah3" was declared but never referenced
         
     1>E:/cudaTFRK1012/cudaTFRK1012/kernel.cu(104): warning : variable "ah4" was declared but never referenced
         
     1>E:/cudaTFRK1012/cudaTFRK1012/kernel.cu(105): warning : variable "ah5" was declared but never referenced
         
     1>E:/cudaTFRK1012/cudaTFRK1012/kernel.cu(21): warning : variable "a0" was declared but never referenced
         
     1>E:/cudaTFRK1012/cudaTFRK1012/kernel.cu(92): warning : variable "g60" was declared but never referenced
         
     1>E:/cudaTFRK1012/cudaTFRK1012/kernel.cu(93): warning : variable "g61" was declared but never referenced
         
     1>E:/cudaTFRK1012/cudaTFRK1012/kernel.cu(94): warning : variable "g62" was declared but never referenced
         
     1>E:/cudaTFRK1012/cudaTFRK1012/kernel.cu(95): warning : variable "g63" was declared but never referenced
         
     1>E:/cudaTFRK1012/cudaTFRK1012/kernel.cu(96): warning : variable "g64" was declared but never referenced
         
     1>E:/cudaTFRK1012/cudaTFRK1012/kernel.cu(97): warning : variable "g65" was declared but never referenced
         
     1>E:/cudaTFRK1012/cudaTFRK1012/kernel.cu(100): warning : variable "ah0" was declared but never referenced
         
     1>E:/cudaTFRK1012/cudaTFRK1012/kernel.cu(101): warning : variable "ah1" was declared but never referenced
         
     1>E:/cudaTFRK1012/cudaTFRK1012/kernel.cu(102): warning : variable "ah2" was declared but never referenced
         
     1>E:/cudaTFRK1012/cudaTFRK1012/kernel.cu(103): warning : variable "ah3" was declared but never referenced
         
     1>E:/cudaTFRK1012/cudaTFRK1012/kernel.cu(104): warning : variable "ah4" was declared but never referenced
         
     1>E:/cudaTFRK1012/cudaTFRK1012/kernel.cu(105): warning : variable "ah5" was declared but never referenced
         
         kernel.cu
       ManifestResourceCompile:
         All outputs are up-to-date.
       Link:
         c:\Program Files (x86)\Microsoft Visual Studio 10.0\VC\bin\link.exe /ERRORREPORT:PROMPT /OUT:"E:\cudaTFRK1012\Debug\cudaTFRK1012.exe" /INCREMENTAL /NOLOGO /LIBPATH:"C:\Program Files\NVIDIA GPU Computing Toolkit\CUDA\v7.5\lib\Win32" cudart.lib kernel32.lib user32.lib gdi32.lib winspool.lib comdlg32.lib advapi32.lib shell32.lib ole32.lib oleaut32.lib uuid.lib odbc32.lib odbccp32.lib kernel32.lib user32.lib gdi32.lib winspool.lib comdlg32.lib advapi32.lib shell32.lib ole32.lib oleaut32.lib uuid.lib odbc32.lib odbccp32.lib /MANIFEST /ManifestFile:"Debug\cudaTFRK1012.exe.intermediate.manifest" /MANIFESTUAC:"level='asInvoker' uiAccess='false'" /DEBUG /PDB:"E:\cudaTFRK1012\Debug\cudaTFRK1012.pdb" /SUBSYSTEM:CONSOLE /TLBID:1 /DYNAMICBASE /NXCOMPAT /IMPLIB:"E:\cudaTFRK1012\Debug\cudaTFRK1012.lib" /MACHINE:X86 Debug\kernel.cu.obj
         Debug\cudaTFRK1012.exe.embed.manifest.res
       Manifest:
         C:\Program Files (x86)\Microsoft SDKs\Windows\v7.0A\bin\mt.exe /nologo /verbose /out:"Debug\cudaTFRK1012.exe.embed.manifest" /manifest Debug\cudaTFRK1012.exe.intermediate.manifest
         All outputs are up-to-date.
       LinkEmbedManifest:
         All outputs are up-to-date.
         cudaTFRK1012.vcxproj -> E:\cudaTFRK1012\Debug\cudaTFRK1012.exe
       PostBuildEvent:
         echo copy "C:\Program Files\NVIDIA GPU Computing Toolkit\CUDA\v7.5\bin\cudart*.dll" "E:\cudaTFRK1012\Debug\"
         copy "C:\Program Files\NVIDIA GPU Computing Toolkit\CUDA\v7.5\bin\cudart*.dll" "E:\cudaTFRK1012\Debug\"
         :VCEnd
         copy "C:\Program Files\NVIDIA GPU Computing Toolkit\CUDA\v7.5\bin\cudart*.dll" "E:\cudaTFRK1012\Debug\"
         C:\Program Files\NVIDIA GPU Computing Toolkit\CUDA\v7.5\bin\cudart32_75.dll
         C:\Program Files\NVIDIA GPU Computing Toolkit\CUDA\v7.5\bin\cudart64_75.dll
                 2 file(s) copied.
       FinalizeBuildStatus:
         Deleting file "Debug\cudaTFRK1012.unsuccessfulbuild".
         Touching "Debug\cudaTFRK1012.lastbuildstate".
     1>Done Building Project "E:\cudaTFRK1012\cudaTFRK1012\cudaTFRK1012.vcxproj" (build target(s)).

Build succeeded.

Time Elapsed 00:00:24.49
